{
  message: 'server is running port 5000',
  level: 'info',
  service: 'user-service',
  label: 'ph',
  timestamp: '2023-06-15T02:15:12.259Z'
}
{
  message: 'database is connected successfully',
  level: 'info',
  service: 'user-service',
  label: 'ph',
  timestamp: '2023-06-15T02:15:12.993Z'
}
{
  message: 'server is running port 5000',
  level: 'info',
  service: 'user-service',
  label: 'ph',
  timestamp: '2023-06-15T02:15:24.519Z'
}
{
  message: 'database is connected successfully',
  level: 'info',
  service: 'user-service',
  label: 'ph',
  timestamp: '2023-06-15T02:15:25.102Z'
}
{
  message: 'server is running port 5000',
  level: 'info',
  service: 'user-service',
  label: 'ph',
  timestamp: '2023-06-15T02:20:00.883Z'
}
{
  message: 'database is connected successfully',
  level: 'info',
  service: 'user-service',
  label: 'ph',
  timestamp: '2023-06-15T02:20:01.665Z'
}
{
  message: 'server is running port 5000',
  level: 'info',
  service: 'user-service',
  label: 'ph',
  timestamp: '2023-06-15T02:20:33.312Z'
}
{
  message: 'database is connected successfully',
  level: 'info',
  service: 'user-service',
  label: 'ph',
  timestamp: '2023-06-15T02:20:33.925Z'
}
{
  message: 'server is running port 5000',
  level: 'info',
  service: 'user-service',
  label: 'ph',
  timestamp: '2023-06-15T02:21:03.557Z'
}
{
  message: 'database is connected successfully',
  level: 'info',
  service: 'user-service',
  label: 'ph',
  timestamp: '2023-06-15T02:21:04.473Z'
}
{
  message: 'server is running port 5000',
  level: 'info',
  service: 'user-service',
  label: 'ph',
  timestamp: '2023-06-15T02:21:43.428Z'
}
{
  message: 'database is connected successfully',
  level: 'info',
  service: 'user-service',
  label: 'ph',
  timestamp: '2023-06-15T02:21:44.184Z'
}
{
  message: 'server is running port 5000',
  level: 'info',
  service: 'user-service',
  label: 'ph',
  timestamp: '2023-06-15T02:23:25.794Z'
}
{
  message: 'database is connected successfully',
  level: 'info',
  service: 'user-service',
  label: 'ph',
  timestamp: '2023-06-15T02:23:26.610Z'
}
{
  message: 'server is running port 5000',
  level: 'info',
  service: 'user-service',
  label: 'ph',
  timestamp: '2023-06-15T02:24:28.638Z'
}
{
  message: 'database is connected successfully',
  level: 'info',
  service: 'user-service',
  label: 'ph',
  timestamp: '2023-06-15T02:24:29.488Z'
}
{
  message: 'server is running port 5000',
  level: 'info',
  service: 'user-service',
  label: 'ph',
  timestamp: '2023-06-15T02:29:43.631Z'
}
{
  message: 'database is connected successfully',
  level: 'info',
  service: 'user-service',
  label: 'ph',
  timestamp: '2023-06-15T02:29:44.407Z'
}
{
  message: 'server is running port 5000',
  level: 'info',
  service: 'user-service',
  label: 'ph',
  timestamp: '2023-06-15T02:31:08.845Z'
}
{
  message: 'database is connected successfully',
  level: 'info',
  service: 'user-service',
  label: 'ph',
  timestamp: '2023-06-15T02:31:09.628Z'
}
{
  message: 'server is running port 5000',
  level: 'info',
  service: 'user-service',
  label: 'ph',
  timestamp: '2023-06-15T02:34:50.164Z'
}
{
  message: 'database is connected successfully',
  level: 'info',
  service: 'user-service',
  label: 'ph',
  timestamp: '2023-06-15T02:34:50.925Z'
}
{
  message: 'server is running port 5000',
  level: 'info',
  service: 'user-service',
  label: 'ph',
  timestamp: '2023-06-15T02:35:39.274Z'
}
{
  message: 'database is connected successfully',
  level: 'info',
  service: 'user-service',
  label: 'ph',
  timestamp: '2023-06-15T02:35:40.121Z'
}
{
  message: 'server is running port 5000',
  level: 'info',
  service: 'user-service',
  label: 'ph',
  timestamp: '2023-06-15T02:38:35.874Z'
}
{
  message: 'database is connected successfully',
  level: 'info',
  service: 'user-service',
  label: 'ph',
  timestamp: '2023-06-15T02:38:36.703Z'
}
{
  message: 'server is running port 5000',
  level: 'info',
  service: 'user-service',
  label: 'ph',
  timestamp: '2023-06-15T02:40:09.849Z'
}
{
  message: 'database is connected successfully',
  level: 'info',
  service: 'user-service',
  label: 'ph',
  timestamp: '2023-06-15T02:40:10.609Z'
}
{
  message: 'server is running port 5000',
  level: 'info',
  service: 'user-service',
  label: 'ph',
  timestamp: '2023-06-15T02:40:33.409Z'
}
{
  message: 'database is connected successfully',
  level: 'info',
  service: 'user-service',
  label: 'ph',
  timestamp: '2023-06-15T02:40:34.425Z'
}
{
  message: 'server is running port 5000',
  level: 'info',
  service: 'user-service',
  label: 'ph',
  timestamp: '2023-06-15T02:40:47.077Z'
}
{
  message: 'database is connected successfully',
  level: 'info',
  service: 'user-service',
  label: 'ph',
  timestamp: '2023-06-15T02:40:47.692Z'
}
{
  message: 'server is running port 5000',
  level: 'info',
  service: 'user-service',
  label: 'ph',
  timestamp: '2023-06-15T02:41:17.058Z'
}
{
  message: 'database is connected successfully',
  level: 'info',
  service: 'user-service',
  label: 'ph',
  timestamp: '2023-06-15T02:41:17.772Z'
}
{
  message: 'server is running port 5000',
  level: 'info',
  service: 'user-service',
  label: 'ph',
  timestamp: '2023-06-15T02:41:42.258Z'
}
{
  message: 'database is connected successfully',
  level: 'info',
  service: 'user-service',
  label: 'ph',
  timestamp: '2023-06-15T02:41:43.138Z'
}
{
  message: 'server is running port 5000',
  level: 'info',
  service: 'user-service',
  label: 'ph',
  timestamp: '2023-06-15T02:42:34.607Z'
}
{
  message: 'database is connected successfully',
  level: 'info',
  service: 'user-service',
  label: 'ph',
  timestamp: '2023-06-15T02:42:35.471Z'
}
{
  message: 'server is running port 5000',
  level: 'info',
  service: 'user-service',
  label: 'ph',
  timestamp: '2023-06-15T02:42:44.905Z'
}
{
  message: 'database is connected successfully',
  level: 'info',
  service: 'user-service',
  label: 'ph',
  timestamp: '2023-06-15T02:42:45.581Z'
}
{
  message: 'server is running port 5000',
  level: 'info',
  service: 'user-service',
  label: 'ph',
  timestamp: '2023-06-15T02:50:03.154Z'
}
{
  message: 'database is connected successfully',
  level: 'info',
  service: 'user-service',
  label: 'ph',
  timestamp: '2023-06-15T02:50:03.870Z'
}
{
  message: 'server is running port 5000',
  level: 'info',
  service: 'user-service',
  label: 'ph',
  timestamp: '2023-06-15T02:50:58.510Z'
}
{
  message: 'database is connected successfully',
  level: 'info',
  service: 'user-service',
  label: 'ph',
  timestamp: '2023-06-15T02:50:59.179Z'
}
