{
  message: 'server is running port 5000',
  level: 'info',
  service: 'user-service',
  label: 'ph',
  timestamp: '2023-06-24T01:00:13.942Z'
}
{
  message: 'database is connected successfully',
  level: 'info',
  service: 'user-service',
  label: 'ph',
  timestamp: '2023-06-24T01:00:14.851Z'
}
{
  message: 'server is running port 5000',
  level: 'info',
  service: 'user-service',
  label: 'ph',
  timestamp: '2023-06-24T01:00:53.686Z'
}
{
  message: 'database is connected successfully',
  level: 'info',
  service: 'user-service',
  label: 'ph',
  timestamp: '2023-06-24T01:00:54.473Z'
}
{
  message: 'server is running port 5000',
  level: 'info',
  service: 'user-service',
  label: 'ph',
  timestamp: '2023-06-24T01:16:58.614Z'
}
{
  message: 'database is connected successfully',
  level: 'info',
  service: 'user-service',
  label: 'ph',
  timestamp: '2023-06-24T01:16:59.487Z'
}
{
  message: 'server is running port 5000',
  level: 'info',
  service: 'user-service',
  label: 'ph',
  timestamp: '2023-06-24T01:18:58.493Z'
}
{
  message: 'server is running port 5000',
  level: 'info',
  service: 'user-service',
  label: 'ph',
  timestamp: '2023-06-24T01:19:00.216Z'
}
{
  message: 'database is connected successfully',
  level: 'info',
  service: 'user-service',
  label: 'ph',
  timestamp: '2023-06-24T01:19:00.894Z'
}
{
  message: 'server is running port 5000',
  level: 'info',
  service: 'user-service',
  label: 'ph',
  timestamp: '2023-06-24T01:21:49.945Z'
}
{
  message: 'database is connected successfully',
  level: 'info',
  service: 'user-service',
  label: 'ph',
  timestamp: '2023-06-24T01:21:50.856Z'
}
{
  message: 'server is running port 5000',
  level: 'info',
  service: 'user-service',
  label: 'ph',
  timestamp: '2023-06-24T01:23:01.105Z'
}
{
  message: 'database is connected successfully',
  level: 'info',
  service: 'user-service',
  label: 'ph',
  timestamp: '2023-06-24T01:23:01.936Z'
}
{
  message: 'server is running port 5000',
  level: 'info',
  service: 'user-service',
  label: 'ph',
  timestamp: '2023-06-24T01:27:19.491Z'
}
{
  message: 'database is connected successfully',
  level: 'info',
  service: 'user-service',
  label: 'ph',
  timestamp: '2023-06-24T01:27:20.472Z'
}
{
  message: 'server is running port 5000',
  level: 'info',
  service: 'user-service',
  label: 'ph',
  timestamp: '2023-06-24T01:28:22.086Z'
}
{
  message: 'database is connected successfully',
  level: 'info',
  service: 'user-service',
  label: 'ph',
  timestamp: '2023-06-24T01:28:22.946Z'
}
{
  message: 'server is running port 5000',
  level: 'info',
  service: 'user-service',
  label: 'ph',
  timestamp: '2023-06-24T01:29:09.035Z'
}
{
  message: 'database is connected successfully',
  level: 'info',
  service: 'user-service',
  label: 'ph',
  timestamp: '2023-06-24T01:29:09.869Z'
}
{
  message: 'server is running port 5000',
  level: 'info',
  service: 'user-service',
  label: 'ph',
  timestamp: '2023-06-24T01:32:54.476Z'
}
{
  message: 'database is connected successfully',
  level: 'info',
  service: 'user-service',
  label: 'ph',
  timestamp: '2023-06-24T01:32:55.415Z'
}
{
  message: 'server is running port 5000',
  level: 'info',
  service: 'user-service',
  label: 'ph',
  timestamp: '2023-06-24T01:34:15.543Z'
}
{
  message: 'database is connected successfully',
  level: 'info',
  service: 'user-service',
  label: 'ph',
  timestamp: '2023-06-24T01:34:16.466Z'
}
{
  message: 'server is running port 5000',
  level: 'info',
  service: 'user-service',
  label: 'ph',
  timestamp: '2023-06-24T01:34:59.504Z'
}
{
  message: 'database is connected successfully',
  level: 'info',
  service: 'user-service',
  label: 'ph',
  timestamp: '2023-06-24T01:35:00.292Z'
}
{
  message: 'server is running port 5000',
  level: 'info',
  service: 'user-service',
  label: 'ph',
  timestamp: '2023-06-24T01:37:32.733Z'
}
{
  message: 'database is connected successfully',
  level: 'info',
  service: 'user-service',
  label: 'ph',
  timestamp: '2023-06-24T01:37:33.713Z'
}
