{
  message: 'server is running port 5000',
  level: 'info',
  service: 'user-service',
  label: 'ph',
  timestamp: '2023-06-23T13:24:44.663Z'
}
{
  message: 'database is connected successfully',
  level: 'info',
  service: 'user-service',
  label: 'ph',
  timestamp: '2023-06-23T13:24:45.714Z'
}
{
  message: 'server is running port 5000',
  level: 'info',
  service: 'user-service',
  label: 'ph',
  timestamp: '2023-06-23T13:59:05.132Z'
}
{
  message: 'database is connected successfully',
  level: 'info',
  service: 'user-service',
  label: 'ph',
  timestamp: '2023-06-23T13:59:05.954Z'
}
