{
  message: 'server is running port 5000',
  level: 'info',
  service: 'user-service',
  label: 'ph',
  timestamp: '2023-06-09T09:40:22.848Z'
}
{
  message: 'database is connected successfully',
  level: 'info',
  service: 'user-service',
  label: 'ph',
  timestamp: '2023-06-09T09:40:23.714Z'
}
{
  message: 'server is running port 5000',
  level: 'info',
  service: 'user-service',
  label: 'ph',
  timestamp: '2023-06-09T09:41:02.337Z'
}
{
  message: 'database is connected successfully',
  level: 'info',
  service: 'user-service',
  label: 'ph',
  timestamp: '2023-06-09T09:41:03.090Z'
}
{
  message: 'server is running port 5000',
  level: 'info',
  service: 'user-service',
  label: 'ph',
  timestamp: '2023-06-09T09:42:19.614Z'
}
{
  message: 'database is connected successfully',
  level: 'info',
  service: 'user-service',
  label: 'ph',
  timestamp: '2023-06-09T09:42:20.553Z'
}
{
  message: 'server is running port 5000',
  level: 'info',
  service: 'user-service',
  label: 'ph',
  timestamp: '2023-06-09T09:43:50.618Z'
}
{
  message: 'database is connected successfully',
  level: 'info',
  service: 'user-service',
  label: 'ph',
  timestamp: '2023-06-09T09:43:51.545Z'
}
{
  message: 'server is running port 5000',
  level: 'info',
  service: 'user-service',
  label: 'ph',
  timestamp: '2023-06-09T09:48:07.215Z'
}
{
  message: 'database is connected successfully',
  level: 'info',
  service: 'user-service',
  label: 'ph',
  timestamp: '2023-06-09T09:48:08.025Z'
}
{
  message: 'server is running port 5000',
  level: 'info',
  service: 'user-service',
  label: 'ph',
  timestamp: '2023-06-09T09:49:27.953Z'
}
{
  message: 'database is connected successfully',
  level: 'info',
  service: 'user-service',
  label: 'ph',
  timestamp: '2023-06-09T09:49:28.901Z'
}
{
  message: 'server is running port 5000',
  level: 'info',
  service: 'user-service',
  label: 'ph',
  timestamp: '2023-06-09T09:50:14.217Z'
}
{
  message: 'database is connected successfully',
  level: 'info',
  service: 'user-service',
  label: 'ph',
  timestamp: '2023-06-09T09:50:14.929Z'
}
{
  message: 'server is running port 5000',
  level: 'info',
  service: 'user-service',
  label: 'ph',
  timestamp: '2023-06-09T09:59:22.637Z'
}
{
  message: 'database is connected successfully',
  level: 'info',
  service: 'user-service',
  label: 'ph',
  timestamp: '2023-06-09T09:59:23.572Z'
}
{
  message: 'server is running port 5000',
  level: 'info',
  service: 'user-service',
  label: 'ph',
  timestamp: '2023-06-09T09:59:47.151Z'
}
{
  message: 'database is connected successfully',
  level: 'info',
  service: 'user-service',
  label: 'ph',
  timestamp: '2023-06-09T09:59:47.931Z'
}
{
  message: 'server is running port 5000',
  level: 'info',
  service: 'user-service',
  label: 'ph',
  timestamp: '2023-06-09T09:59:54.522Z'
}
{
  message: 'database is connected successfully',
  level: 'info',
  service: 'user-service',
  label: 'ph',
  timestamp: '2023-06-09T09:59:55.348Z'
}
