{
  level: 'error',
  service: 'user-service',
  label: 'ph',
  timestamp: '2023-06-22T11:00:26.733Z'
}
{
  level: 'error',
  service: 'user-service',
  label: 'ph',
  timestamp: '2023-06-22T11:01:21.963Z'
}
{
  level: 'error',
  service: 'user-service',
  label: 'ph',
  timestamp: '2023-06-22T11:03:04.105Z'
}
{
  level: 'error',
  service: 'user-service',
  label: 'ph',
  timestamp: '2023-06-22T11:03:43.142Z'
}
{
  level: 'error',
  service: 'user-service',
  label: 'ph',
  timestamp: '2023-06-22T11:23:57.316Z'
}
{
  level: 'error',
  service: 'user-service',
  label: 'ph',
  timestamp: '2023-06-22T11:35:14.824Z'
}
{
  level: 'error',
  service: 'user-service',
  label: 'ph',
  timestamp: '2023-06-22T11:35:58.731Z'
}
{
  level: 'error',
  service: 'user-service',
  label: 'ph',
  timestamp: '2023-06-22T11:37:53.908Z'
}
{
  level: 'error',
  service: 'user-service',
  label: 'ph',
  timestamp: '2023-06-22T11:38:55.807Z'
}
{
  level: 'error',
  service: 'user-service',
  label: 'ph',
  timestamp: '2023-06-22T11:44:24.378Z'
}
{
  level: 'error',
  service: 'user-service',
  label: 'ph',
  timestamp: '2023-06-22T11:45:17.966Z'
}
