{
  errors: {
    role: ValidatorError: Path `role` is required.
        at validate (C:\projects\projects_a\university-management-auth-service\node_modules\mongoose\lib\schematype.js:1349:13)
        at SchemaString.SchemaType.doValidate (C:\projects\projects_a\university-management-auth-service\node_modules\mongoose\lib\schematype.js:1333:7)
        at C:\projects\projects_a\university-management-auth-service\node_modules\mongoose\lib\document.js:2932:18
        at processTicksAndRejections (node:internal/process/task_queues:77:11) {
      properties: {
        validator: [Function (anonymous)],
        message: 'Path `role` is required.',
        type: 'required',
        path: 'role',
        value: undefined
      },
      kind: 'required',
      path: 'role',
      value: undefined,
      reason: undefined,
      [Symbol(mongoose:validatorError)]: true
    }
  },
  _message: 'User validation failed',
  level: 'error',
  service: 'user-service',
  label: 'ph',
  timestamp: '2023-06-15T02:20:54.125Z'
}
{
  errors: {
    role: ValidatorError: Path `role` is required.
        at validate (C:\projects\projects_a\university-management-auth-service\node_modules\mongoose\lib\schematype.js:1349:13)
        at SchemaString.SchemaType.doValidate (C:\projects\projects_a\university-management-auth-service\node_modules\mongoose\lib\schematype.js:1333:7)
        at C:\projects\projects_a\university-management-auth-service\node_modules\mongoose\lib\document.js:2932:18
        at processTicksAndRejections (node:internal/process/task_queues:77:11) {
      properties: {
        validator: [Function (anonymous)],
        message: 'Path `role` is required.',
        type: 'required',
        path: 'role',
        value: undefined
      },
      kind: 'required',
      path: 'role',
      value: undefined,
      reason: undefined,
      [Symbol(mongoose:validatorError)]: true
    }
  },
  _message: 'User validation failed',
  level: 'error',
  service: 'user-service',
  label: 'ph',
  timestamp: '2023-06-15T02:33:50.812Z'
}
