{
  service: 'user-service',
  errno: undefined,
  code: 'ECONNREFUSED',
  syscall: 'querySrv',
  hostname: '_mongodb._tcp.cluster0.rx4i6uo.mongodb.net',
  level: 'error',
  message: 'failed to connect database querySrv ECONNREFUSED _mongodb._tcp.cluster0.rx4i6uo.mongodb.net',
  stack: 'Error: querySrv ECONNREFUSED _mongodb._tcp.cluster0.rx4i6uo.mongodb.net\n' +
    '    at QueryReqWrap.onresolve [as oncomplete] (node:internal/dns/promises:251:17)',
  label: 'ph',
  timestamp: '2023-06-13T19:10:11.919Z'
}
{
  service: 'user-service',
  errno: undefined,
  code: 'ECONNREFUSED',
  syscall: 'querySrv',
  hostname: '_mongodb._tcp.cluster0.rx4i6uo.mongodb.net',
  level: 'error',
  message: 'failed to connect database querySrv ECONNREFUSED _mongodb._tcp.cluster0.rx4i6uo.mongodb.net',
  stack: 'Error: querySrv ECONNREFUSED _mongodb._tcp.cluster0.rx4i6uo.mongodb.net\n' +
    '    at QueryReqWrap.onresolve [as oncomplete] (node:internal/dns/promises:251:17)',
  label: 'ph',
  timestamp: '2023-06-13T19:11:08.120Z'
}
{
  service: 'user-service',
  errno: undefined,
  code: 'ECONNREFUSED',
  syscall: 'querySrv',
  hostname: '_mongodb._tcp.cluster0.rx4i6uo.mongodb.net',
  level: 'error',
  message: 'failed to connect database querySrv ECONNREFUSED _mongodb._tcp.cluster0.rx4i6uo.mongodb.net',
  stack: 'Error: querySrv ECONNREFUSED _mongodb._tcp.cluster0.rx4i6uo.mongodb.net\n' +
    '    at QueryReqWrap.onresolve [as oncomplete] (node:internal/dns/promises:251:17)',
  label: 'ph',
  timestamp: '2023-06-13T19:13:05.373Z'
}
{
  service: 'user-service',
  errno: undefined,
  code: 'ECONNREFUSED',
  syscall: 'querySrv',
  hostname: '_mongodb._tcp.cluster0.rx4i6uo.mongodb.net',
  level: 'error',
  message: 'failed to connect database querySrv ECONNREFUSED _mongodb._tcp.cluster0.rx4i6uo.mongodb.net',
  stack: 'Error: querySrv ECONNREFUSED _mongodb._tcp.cluster0.rx4i6uo.mongodb.net\n' +
    '    at QueryReqWrap.onresolve [as oncomplete] (node:internal/dns/promises:251:17)',
  label: 'ph',
  timestamp: '2023-06-13T19:13:58.564Z'
}
