{
  index: 0,
  code: 11000,
  keyPattern: { contactNo: 1 },
  keyValue: { contactNo: 'user_4' },
  level: 'error',
  service: 'user-service',
  label: 'ph',
  timestamp: '2023-06-23T17:51:51.176Z',
  [Symbol(errorLabels)]: Set(0) {}
}
{
  index: 0,
  code: 11000,
  keyPattern: { contactNo: 1 },
  keyValue: { contactNo: 'user_4' },
  level: 'error',
  service: 'user-service',
  label: 'ph',
  timestamp: '2023-06-23T17:53:35.456Z',
  [Symbol(errorLabels)]: Set(0) {}
}
{
  index: 0,
  code: 11000,
  keyPattern: { contactNo: 1 },
  keyValue: { contactNo: 'user_4' },
  level: 'error',
  service: 'user-service',
  label: 'ph',
  timestamp: '2023-06-23T17:54:42.215Z',
  [Symbol(errorLabels)]: Set(0) {}
}
{
  index: 0,
  code: 11000,
  keyPattern: { contactNo: 1 },
  keyValue: { contactNo: 'user_4' },
  level: 'error',
  service: 'user-service',
  label: 'ph',
  timestamp: '2023-06-23T17:56:09.192Z',
  [Symbol(errorLabels)]: Set(0) {}
}
