{
  errors: {
    academicFaculty: CastError: Cast to ObjectId failed for value "Faculty of Business Administration" (type string) at path "academicFaculty" because of "BSONError"
        at ObjectId.cast (C:\projects\projects_a\university-management-auth-service\node_modules\mongoose\lib\schema\objectid.js:248:11)
        at ObjectId.SchemaType.applySetters (C:\projects\projects_a\university-management-auth-service\node_modules\mongoose\lib\schematype.js:1204:12)
        at model.$set (C:\projects\projects_a\university-management-auth-service\node_modules\mongoose\lib\document.js:1414:22)
        at model.$set (C:\projects\projects_a\university-management-auth-service\node_modules\mongoose\lib\document.js:1116:16)
        at model.Document (C:\projects\projects_a\university-management-auth-service\node_modules\mongoose\lib\document.js:165:12)
        at model.Model (C:\projects\projects_a\university-management-auth-service\node_modules\mongoose\lib\model.js:122:12)
        at new model (C:\projects\projects_a\university-management-auth-service\node_modules\mongoose\lib\model.js:4607:15)
        at C:\projects\projects_a\university-management-auth-service\node_modules\mongoose\lib\model.js:2851:16
        at Array.map (<anonymous>)
        at Function.create (C:\projects\projects_a\university-management-auth-service\node_modules\mongoose\lib\model.js:2840:38) {
      stringValue: '"Faculty of Business Administration"',
      messageFormat: undefined,
      kind: 'ObjectId',
      value: 'Faculty of Business Administration',
      path: 'academicFaculty',
      reason: BSONError: Argument passed in must be a string of 12 bytes or a string of 24 hex characters or an integer
          at new ObjectId (C:\projects\projects_a\university-management-auth-service\node_modules\bson\src\objectid.ts:88:15)
          at castObjectId (C:\projects\projects_a\university-management-auth-service\node_modules\mongoose\lib\cast\objectid.js:25:12)
          at ObjectId.cast (C:\projects\projects_a\university-management-auth-service\node_modules\mongoose\lib\schema\objectid.js:246:12)
          at ObjectId.SchemaType.applySetters (C:\projects\projects_a\university-management-auth-service\node_modules\mongoose\lib\schematype.js:1204:12)
          at model.$set (C:\projects\projects_a\university-management-auth-service\node_modules\mongoose\lib\document.js:1414:22)
          at model.$set (C:\projects\projects_a\university-management-auth-service\node_modules\mongoose\lib\document.js:1116:16)
          at model.Document (C:\projects\projects_a\university-management-auth-service\node_modules\mongoose\lib\document.js:165:12)
          at model.Model (C:\projects\projects_a\university-management-auth-service\node_modules\mongoose\lib\model.js:122:12)
          at new model (C:\projects\projects_a\university-management-auth-service\node_modules\mongoose\lib\model.js:4607:15)
          at C:\projects\projects_a\university-management-auth-service\node_modules\mongoose\lib\model.js:2851:16,
      valueType: 'string'
    }
  },
  _message: 'AcademicDepartment validation failed',
  level: 'error',
  service: 'user-service',
  label: 'ph',
  timestamp: '2023-06-15T14:08:00.087Z'
}
{
  errors: {
    academicFaculty: CastError: Cast to ObjectId failed for value "Department of Science and Engineering" (type string) at path "academicFaculty" because of "BSONError"
        at ObjectId.cast (C:\projects\projects_a\university-management-auth-service\node_modules\mongoose\lib\schema\objectid.js:248:11)
        at ObjectId.SchemaType.applySetters (C:\projects\projects_a\university-management-auth-service\node_modules\mongoose\lib\schematype.js:1204:12)
        at model.$set (C:\projects\projects_a\university-management-auth-service\node_modules\mongoose\lib\document.js:1414:22)
        at model.$set (C:\projects\projects_a\university-management-auth-service\node_modules\mongoose\lib\document.js:1116:16)
        at model.Document (C:\projects\projects_a\university-management-auth-service\node_modules\mongoose\lib\document.js:165:12)
        at model.Model (C:\projects\projects_a\university-management-auth-service\node_modules\mongoose\lib\model.js:122:12)
        at new model (C:\projects\projects_a\university-management-auth-service\node_modules\mongoose\lib\model.js:4607:15)
        at C:\projects\projects_a\university-management-auth-service\node_modules\mongoose\lib\model.js:2851:16
        at Array.map (<anonymous>)
        at Function.create (C:\projects\projects_a\university-management-auth-service\node_modules\mongoose\lib\model.js:2840:38) {
      stringValue: '"Department of Science and Engineering"',
      messageFormat: undefined,
      kind: 'ObjectId',
      value: 'Department of Science and Engineering',
      path: 'academicFaculty',
      reason: BSONError: Argument passed in must be a string of 12 bytes or a string of 24 hex characters or an integer
          at new ObjectId (C:\projects\projects_a\university-management-auth-service\node_modules\bson\src\objectid.ts:88:15)
          at castObjectId (C:\projects\projects_a\university-management-auth-service\node_modules\mongoose\lib\cast\objectid.js:25:12)
          at ObjectId.cast (C:\projects\projects_a\university-management-auth-service\node_modules\mongoose\lib\schema\objectid.js:246:12)
          at ObjectId.SchemaType.applySetters (C:\projects\projects_a\university-management-auth-service\node_modules\mongoose\lib\schematype.js:1204:12)
          at model.$set (C:\projects\projects_a\university-management-auth-service\node_modules\mongoose\lib\document.js:1414:22)
          at model.$set (C:\projects\projects_a\university-management-auth-service\node_modules\mongoose\lib\document.js:1116:16)
          at model.Document (C:\projects\projects_a\university-management-auth-service\node_modules\mongoose\lib\document.js:165:12)
          at model.Model (C:\projects\projects_a\university-management-auth-service\node_modules\mongoose\lib\model.js:122:12)
          at new model (C:\projects\projects_a\university-management-auth-service\node_modules\mongoose\lib\model.js:4607:15)
          at C:\projects\projects_a\university-management-auth-service\node_modules\mongoose\lib\model.js:2851:16,
      valueType: 'string'
    }
  },
  _message: 'AcademicDepartment validation failed',
  level: 'error',
  service: 'user-service',
  label: 'ph',
  timestamp: '2023-06-15T14:11:12.825Z'
}
{
  errors: {
    'guardian.fatherContactNo': ValidatorError: Path `fatherContactNo` is required.
        at validate (C:\projects\projects_a\university-management-auth-service\node_modules\mongoose\lib\schematype.js:1349:13)
        at SchemaString.SchemaType.doValidate (C:\projects\projects_a\university-management-auth-service\node_modules\mongoose\lib\schematype.js:1333:7)
        at C:\projects\projects_a\university-management-auth-service\node_modules\mongoose\lib\document.js:2932:18
        at processTicksAndRejections (node:internal/process/task_queues:77:11) {
      properties: {
        validator: [Function (anonymous)],
        message: 'Path `fatherContactNo` is required.',
        type: 'required',
        path: 'fatherContactNo',
        value: ''
      },
      kind: 'required',
      path: 'fatherContactNo',
      value: '',
      reason: undefined,
      [Symbol(mongoose:validatorError)]: true
    }
  },
  _message: 'Student validation failed',
  level: 'error',
  service: 'user-service',
  label: 'ph',
  timestamp: '2023-06-15T14:14:07.824Z'
}
