{
  level: 'error',
  service: 'user-service',
  label: 'ph',
  timestamp: '2023-06-15T12:34:10.415Z'
}
{
  level: 'error',
  service: 'user-service',
  label: 'ph',
  timestamp: '2023-06-15T12:34:57.194Z'
}
{
  level: 'error',
  service: 'user-service',
  label: 'ph',
  timestamp: '2023-06-15T12:35:11.968Z'
}
{
  level: 'error',
  service: 'user-service',
  label: 'ph',
  timestamp: '2023-06-15T12:35:43.800Z'
}
{
  level: 'error',
  service: 'user-service',
  label: 'ph',
  timestamp: '2023-06-15T12:36:45.966Z'
}
{
  level: 'error',
  service: 'user-service',
  label: 'ph',
  timestamp: '2023-06-15T12:41:11.317Z'
}
{
  level: 'error',
  service: 'user-service',
  label: 'ph',
  timestamp: '2023-06-15T12:42:44.672Z'
}
{
  level: 'error',
  service: 'user-service',
  label: 'ph',
  timestamp: '2023-06-15T12:44:19.933Z'
}
{
  level: 'error',
  service: 'user-service',
  label: 'ph',
  timestamp: '2023-06-15T12:45:28.438Z'
}
{
  level: 'error',
  service: 'user-service',
  label: 'ph',
  timestamp: '2023-06-15T12:55:53.213Z'
}
{
  level: 'error',
  service: 'user-service',
  label: 'ph',
  timestamp: '2023-06-15T12:56:30.651Z'
}
{
  level: 'error',
  service: 'user-service',
  label: 'ph',
  timestamp: '2023-06-15T12:59:15.569Z'
}
